2024-01-13 11:15:41.449 [INF] App server is starting.
2024-01-13 11:15:41.880 [WRN] The 'bool' property 'IsActive' on entity type 'Account' is configured with a database-generated default. This default will always be used for inserts when the property has the value 'false', since this is the CLR default for the 'bool' type. Consider using the nullable 'bool?' type instead, so that the default will only be used for inserts when the property value is 'null'.
2024-01-13 11:15:41.881 [WRN] The 'bool' property 'IsActive' on entity type 'AccountTransaction' is configured with a database-generated default. This default will always be used for inserts when the property has the value 'false', since this is the CLR default for the 'bool' type. Consider using the nullable 'bool?' type instead, so that the default will only be used for inserts when the property value is 'null'.
2024-01-13 11:15:41.881 [WRN] The 'bool' property 'IsActive' on entity type 'Address' is configured with a database-generated default. This default will always be used for inserts when the property has the value 'false', since this is the CLR default for the 'bool' type. Consider using the nullable 'bool?' type instead, so that the default will only be used for inserts when the property value is 'null'.
2024-01-13 11:15:41.882 [WRN] The 'bool' property 'IsActive' on entity type 'ApplicationUser' is configured with a database-generated default. This default will always be used for inserts when the property has the value 'false', since this is the CLR default for the 'bool' type. Consider using the nullable 'bool?' type instead, so that the default will only be used for inserts when the property value is 'null'.
2024-01-13 11:15:41.882 [WRN] The 'bool' property 'IsActive' on entity type 'Contact' is configured with a database-generated default. This default will always be used for inserts when the property has the value 'false', since this is the CLR default for the 'bool' type. Consider using the nullable 'bool?' type instead, so that the default will only be used for inserts when the property value is 'null'.
2024-01-13 11:15:41.882 [WRN] The 'bool' property 'IsActive' on entity type 'Customer' is configured with a database-generated default. This default will always be used for inserts when the property has the value 'false', since this is the CLR default for the 'bool' type. Consider using the nullable 'bool?' type instead, so that the default will only be used for inserts when the property value is 'null'.
2024-01-13 11:15:41.882 [WRN] The 'bool' property 'IsActive' on entity type 'EftTransaction' is configured with a database-generated default. This default will always be used for inserts when the property has the value 'false', since this is the CLR default for the 'bool' type. Consider using the nullable 'bool?' type instead, so that the default will only be used for inserts when the property value is 'null'.
2024-01-13 11:15:41.950 [WRN] The 'bool' property 'IsActive' on entity type 'Account' is configured with a database-generated default. This default will always be used for inserts when the property has the value 'false', since this is the CLR default for the 'bool' type. Consider using the nullable 'bool?' type instead, so that the default will only be used for inserts when the property value is 'null'.
2024-01-13 11:15:41.950 [WRN] The 'bool' property 'IsActive' on entity type 'AccountTransaction' is configured with a database-generated default. This default will always be used for inserts when the property has the value 'false', since this is the CLR default for the 'bool' type. Consider using the nullable 'bool?' type instead, so that the default will only be used for inserts when the property value is 'null'.
2024-01-13 11:15:41.950 [WRN] The 'bool' property 'IsActive' on entity type 'Address' is configured with a database-generated default. This default will always be used for inserts when the property has the value 'false', since this is the CLR default for the 'bool' type. Consider using the nullable 'bool?' type instead, so that the default will only be used for inserts when the property value is 'null'.
2024-01-13 11:15:41.950 [WRN] The 'bool' property 'IsActive' on entity type 'ApplicationUser' is configured with a database-generated default. This default will always be used for inserts when the property has the value 'false', since this is the CLR default for the 'bool' type. Consider using the nullable 'bool?' type instead, so that the default will only be used for inserts when the property value is 'null'.
2024-01-13 11:15:41.951 [WRN] The 'bool' property 'IsActive' on entity type 'Contact' is configured with a database-generated default. This default will always be used for inserts when the property has the value 'false', since this is the CLR default for the 'bool' type. Consider using the nullable 'bool?' type instead, so that the default will only be used for inserts when the property value is 'null'.
2024-01-13 11:15:41.951 [WRN] The 'bool' property 'IsActive' on entity type 'Customer' is configured with a database-generated default. This default will always be used for inserts when the property has the value 'false', since this is the CLR default for the 'bool' type. Consider using the nullable 'bool?' type instead, so that the default will only be used for inserts when the property value is 'null'.
2024-01-13 11:15:41.951 [WRN] The 'bool' property 'IsActive' on entity type 'EftTransaction' is configured with a database-generated default. This default will always be used for inserts when the property has the value 'false', since this is the CLR default for the 'bool' type. Consider using the nullable 'bool?' type instead, so that the default will only be used for inserts when the property value is 'null'.
2024-01-13 11:16:31.103 [INF] App server is starting.
2024-01-13 11:16:31.510 [WRN] The 'bool' property 'IsActive' on entity type 'Account' is configured with a database-generated default. This default will always be used for inserts when the property has the value 'false', since this is the CLR default for the 'bool' type. Consider using the nullable 'bool?' type instead, so that the default will only be used for inserts when the property value is 'null'.
2024-01-13 11:16:31.511 [WRN] The 'bool' property 'IsActive' on entity type 'AccountTransaction' is configured with a database-generated default. This default will always be used for inserts when the property has the value 'false', since this is the CLR default for the 'bool' type. Consider using the nullable 'bool?' type instead, so that the default will only be used for inserts when the property value is 'null'.
2024-01-13 11:16:31.511 [WRN] The 'bool' property 'IsActive' on entity type 'Address' is configured with a database-generated default. This default will always be used for inserts when the property has the value 'false', since this is the CLR default for the 'bool' type. Consider using the nullable 'bool?' type instead, so that the default will only be used for inserts when the property value is 'null'.
2024-01-13 11:16:31.511 [WRN] The 'bool' property 'IsActive' on entity type 'ApplicationUser' is configured with a database-generated default. This default will always be used for inserts when the property has the value 'false', since this is the CLR default for the 'bool' type. Consider using the nullable 'bool?' type instead, so that the default will only be used for inserts when the property value is 'null'.
2024-01-13 11:16:31.511 [WRN] The 'bool' property 'IsActive' on entity type 'Contact' is configured with a database-generated default. This default will always be used for inserts when the property has the value 'false', since this is the CLR default for the 'bool' type. Consider using the nullable 'bool?' type instead, so that the default will only be used for inserts when the property value is 'null'.
2024-01-13 11:16:31.511 [WRN] The 'bool' property 'IsActive' on entity type 'Customer' is configured with a database-generated default. This default will always be used for inserts when the property has the value 'false', since this is the CLR default for the 'bool' type. Consider using the nullable 'bool?' type instead, so that the default will only be used for inserts when the property value is 'null'.
2024-01-13 11:16:31.511 [WRN] The 'bool' property 'IsActive' on entity type 'EftTransaction' is configured with a database-generated default. This default will always be used for inserts when the property has the value 'false', since this is the CLR default for the 'bool' type. Consider using the nullable 'bool?' type instead, so that the default will only be used for inserts when the property value is 'null'.
2024-01-13 11:16:45.821 [INF] App server is starting.
2024-01-13 11:17:45.576 [INF] App server is starting.
2024-01-13 11:18:34.670 [INF] App server is starting.
2024-01-13 11:19:04.469 [WRN] Failed to determine the https port for redirect.
2024-01-13 11:19:17.245 [INF] LogAuthorizationFilter.OnAuthorization
2024-01-13 11:19:17.250 [INF] LogResourceFilter.OnResourceExecuting
2024-01-13 11:19:17.250 [INF] LogResourceFilter.OnResourceExecuting
2024-01-13 11:19:17.325 [INF] LogActionFilter.OnActionExecuting
2024-01-13 11:19:20.817 [WRN] The 'bool' property 'IsActive' on entity type 'Account' is configured with a database-generated default. This default will always be used for inserts when the property has the value 'false', since this is the CLR default for the 'bool' type. Consider using the nullable 'bool?' type instead, so that the default will only be used for inserts when the property value is 'null'.
2024-01-13 11:19:20.818 [WRN] The 'bool' property 'IsActive' on entity type 'AccountTransaction' is configured with a database-generated default. This default will always be used for inserts when the property has the value 'false', since this is the CLR default for the 'bool' type. Consider using the nullable 'bool?' type instead, so that the default will only be used for inserts when the property value is 'null'.
2024-01-13 11:19:20.818 [WRN] The 'bool' property 'IsActive' on entity type 'Address' is configured with a database-generated default. This default will always be used for inserts when the property has the value 'false', since this is the CLR default for the 'bool' type. Consider using the nullable 'bool?' type instead, so that the default will only be used for inserts when the property value is 'null'.
2024-01-13 11:19:20.818 [WRN] The 'bool' property 'IsActive' on entity type 'ApplicationUser' is configured with a database-generated default. This default will always be used for inserts when the property has the value 'false', since this is the CLR default for the 'bool' type. Consider using the nullable 'bool?' type instead, so that the default will only be used for inserts when the property value is 'null'.
2024-01-13 11:19:20.818 [WRN] The 'bool' property 'IsActive' on entity type 'Contact' is configured with a database-generated default. This default will always be used for inserts when the property has the value 'false', since this is the CLR default for the 'bool' type. Consider using the nullable 'bool?' type instead, so that the default will only be used for inserts when the property value is 'null'.
2024-01-13 11:19:20.818 [WRN] The 'bool' property 'IsActive' on entity type 'Customer' is configured with a database-generated default. This default will always be used for inserts when the property has the value 'false', since this is the CLR default for the 'bool' type. Consider using the nullable 'bool?' type instead, so that the default will only be used for inserts when the property value is 'null'.
2024-01-13 11:19:20.818 [WRN] The 'bool' property 'IsActive' on entity type 'EftTransaction' is configured with a database-generated default. This default will always be used for inserts when the property has the value 'false', since this is the CLR default for the 'bool' type. Consider using the nullable 'bool?' type instead, so that the default will only be used for inserts when the property value is 'null'.
2024-01-13 11:19:21.955 [INF] LogActionFilter.OnActionExecuted
2024-01-13 11:19:21.983 [INF] LogResourceFilter.OnResourceExecuted
2024-01-13 11:19:21.984 [INF] LogResourceFilter.OnResourceExecuted
2024-01-13 11:20:33.640 [WRN] Compiling a query which loads related collections for more than one collection navigation, either via 'Include' or through projection, but no 'QuerySplittingBehavior' has been configured. By default, Entity Framework will use 'QuerySplittingBehavior.SingleQuery', which can potentially result in slow query performance. See https://go.microsoft.com/fwlink/?linkid=2134277 for more information. To identify the query that's triggering this warning call 'ConfigureWarnings(w => w.Throw(RelationalEventId.MultipleCollectionIncludeWarning))'.
2024-01-13 11:26:19.720 [ERR] An exception occurred in the database while saving changes for context type 'Vb.Data.VbDbContext'.
Microsoft.EntityFrameworkCore.DbUpdateException: An error occurred while saving the entity changes. See the inner exception for details.
 ---> Microsoft.Data.SqlClient.SqlException (0x80131904): Violation of PRIMARY KEY constraint 'PK_Account'. Cannot insert duplicate key in object 'dbo.Account'. The duplicate key value is (44355646).
   at Microsoft.Data.SqlClient.SqlConnection.OnError(SqlException exception, Boolean breakConnection, Action`1 wrapCloseInAction)
   at Microsoft.Data.SqlClient.SqlInternalConnection.OnError(SqlException exception, Boolean breakConnection, Action`1 wrapCloseInAction)
   at Microsoft.Data.SqlClient.TdsParser.ThrowExceptionAndWarning(TdsParserStateObject stateObj, Boolean callerHasConnectionLock, Boolean asyncClose)
   at Microsoft.Data.SqlClient.TdsParser.TryRun(RunBehavior runBehavior, SqlCommand cmdHandler, SqlDataReader dataStream, BulkCopySimpleResultSet bulkCopyHandler, TdsParserStateObject stateObj, Boolean& dataReady)
   at Microsoft.Data.SqlClient.SqlDataReader.TryHasMoreRows(Boolean& moreRows)
   at Microsoft.Data.SqlClient.SqlDataReader.TryHasMoreResults(Boolean& moreResults)
   at Microsoft.Data.SqlClient.SqlDataReader.TryNextResult(Boolean& more)
   at Microsoft.Data.SqlClient.SqlDataReader.NextResultAsyncExecute(Task task, Object state)
   at Microsoft.Data.SqlClient.SqlDataReader.InvokeAsyncCall[T](SqlDataReaderBaseAsyncCallContext`1 context)
--- End of stack trace from previous location ---
   at Microsoft.EntityFrameworkCore.Update.AffectedCountModificationCommandBatch.ConsumeAsync(RelationalDataReader reader, CancellationToken cancellationToken)
ClientConnectionId:48d0019b-5e9b-4545-961e-e1b48dd7a4e9
Error Number:2627,State:1,Class:14
   --- End of inner exception stack trace ---
   at Microsoft.EntityFrameworkCore.Update.AffectedCountModificationCommandBatch.ConsumeAsync(RelationalDataReader reader, CancellationToken cancellationToken)
   at Microsoft.EntityFrameworkCore.Update.ReaderModificationCommandBatch.ExecuteAsync(IRelationalConnection connection, CancellationToken cancellationToken)
   at Microsoft.EntityFrameworkCore.Update.ReaderModificationCommandBatch.ExecuteAsync(IRelationalConnection connection, CancellationToken cancellationToken)
   at Microsoft.EntityFrameworkCore.SqlServer.Update.Internal.SqlServerModificationCommandBatch.ExecuteAsync(IRelationalConnection connection, CancellationToken cancellationToken)
   at Microsoft.EntityFrameworkCore.Update.Internal.BatchExecutor.ExecuteAsync(IEnumerable`1 commandBatches, IRelationalConnection connection, CancellationToken cancellationToken)
   at Microsoft.EntityFrameworkCore.Update.Internal.BatchExecutor.ExecuteAsync(IEnumerable`1 commandBatches, IRelationalConnection connection, CancellationToken cancellationToken)
   at Microsoft.EntityFrameworkCore.Update.Internal.BatchExecutor.ExecuteAsync(IEnumerable`1 commandBatches, IRelationalConnection connection, CancellationToken cancellationToken)
   at Microsoft.EntityFrameworkCore.ChangeTracking.Internal.StateManager.SaveChangesAsync(IList`1 entriesToSave, CancellationToken cancellationToken)
   at Microsoft.EntityFrameworkCore.ChangeTracking.Internal.StateManager.SaveChangesAsync(StateManager stateManager, Boolean acceptAllChangesOnSuccess, CancellationToken cancellationToken)
   at Microsoft.EntityFrameworkCore.SqlServer.Storage.Internal.SqlServerExecutionStrategy.ExecuteAsync[TState,TResult](TState state, Func`4 operation, Func`4 verifySucceeded, CancellationToken cancellationToken)
   at Microsoft.EntityFrameworkCore.DbContext.SaveChangesAsync(Boolean acceptAllChangesOnSuccess, CancellationToken cancellationToken)
Microsoft.EntityFrameworkCore.DbUpdateException: An error occurred while saving the entity changes. See the inner exception for details.
 ---> Microsoft.Data.SqlClient.SqlException (0x80131904): Violation of PRIMARY KEY constraint 'PK_Account'. Cannot insert duplicate key in object 'dbo.Account'. The duplicate key value is (44355646).
   at Microsoft.Data.SqlClient.SqlConnection.OnError(SqlException exception, Boolean breakConnection, Action`1 wrapCloseInAction)
   at Microsoft.Data.SqlClient.SqlInternalConnection.OnError(SqlException exception, Boolean breakConnection, Action`1 wrapCloseInAction)
   at Microsoft.Data.SqlClient.TdsParser.ThrowExceptionAndWarning(TdsParserStateObject stateObj, Boolean callerHasConnectionLock, Boolean asyncClose)
   at Microsoft.Data.SqlClient.TdsParser.TryRun(RunBehavior runBehavior, SqlCommand cmdHandler, SqlDataReader dataStream, BulkCopySimpleResultSet bulkCopyHandler, TdsParserStateObject stateObj, Boolean& dataReady)
   at Microsoft.Data.SqlClient.SqlDataReader.TryHasMoreRows(Boolean& moreRows)
   at Microsoft.Data.SqlClient.SqlDataReader.TryHasMoreResults(Boolean& moreResults)
   at Microsoft.Data.SqlClient.SqlDataReader.TryNextResult(Boolean& more)
   at Microsoft.Data.SqlClient.SqlDataReader.NextResultAsyncExecute(Task task, Object state)
   at Microsoft.Data.SqlClient.SqlDataReader.InvokeAsyncCall[T](SqlDataReaderBaseAsyncCallContext`1 context)
--- End of stack trace from previous location ---
   at Microsoft.EntityFrameworkCore.Update.AffectedCountModificationCommandBatch.ConsumeAsync(RelationalDataReader reader, CancellationToken cancellationToken)
ClientConnectionId:48d0019b-5e9b-4545-961e-e1b48dd7a4e9
Error Number:2627,State:1,Class:14
   --- End of inner exception stack trace ---
   at Microsoft.EntityFrameworkCore.Update.AffectedCountModificationCommandBatch.ConsumeAsync(RelationalDataReader reader, CancellationToken cancellationToken)
   at Microsoft.EntityFrameworkCore.Update.ReaderModificationCommandBatch.ExecuteAsync(IRelationalConnection connection, CancellationToken cancellationToken)
   at Microsoft.EntityFrameworkCore.Update.ReaderModificationCommandBatch.ExecuteAsync(IRelationalConnection connection, CancellationToken cancellationToken)
   at Microsoft.EntityFrameworkCore.SqlServer.Update.Internal.SqlServerModificationCommandBatch.ExecuteAsync(IRelationalConnection connection, CancellationToken cancellationToken)
   at Microsoft.EntityFrameworkCore.Update.Internal.BatchExecutor.ExecuteAsync(IEnumerable`1 commandBatches, IRelationalConnection connection, CancellationToken cancellationToken)
   at Microsoft.EntityFrameworkCore.Update.Internal.BatchExecutor.ExecuteAsync(IEnumerable`1 commandBatches, IRelationalConnection connection, CancellationToken cancellationToken)
   at Microsoft.EntityFrameworkCore.Update.Internal.BatchExecutor.ExecuteAsync(IEnumerable`1 commandBatches, IRelationalConnection connection, CancellationToken cancellationToken)
   at Microsoft.EntityFrameworkCore.ChangeTracking.Internal.StateManager.SaveChangesAsync(IList`1 entriesToSave, CancellationToken cancellationToken)
   at Microsoft.EntityFrameworkCore.ChangeTracking.Internal.StateManager.SaveChangesAsync(StateManager stateManager, Boolean acceptAllChangesOnSuccess, CancellationToken cancellationToken)
   at Microsoft.EntityFrameworkCore.SqlServer.Storage.Internal.SqlServerExecutionStrategy.ExecuteAsync[TState,TResult](TState state, Func`4 operation, Func`4 verifySucceeded, CancellationToken cancellationToken)
   at Microsoft.EntityFrameworkCore.DbContext.SaveChangesAsync(Boolean acceptAllChangesOnSuccess, CancellationToken cancellationToken)
2024-01-13 11:27:49.939 [INF] App server is starting.
2024-01-13 11:27:54.707 [WRN] Failed to determine the https port for redirect.
2024-01-13 11:28:16.226 [INF] LogAuthorizationFilter.OnAuthorization
2024-01-13 11:28:16.227 [INF] LogResourceFilter.OnResourceExecuting
2024-01-13 11:28:16.227 [INF] LogResourceFilter.OnResourceExecuting
2024-01-13 11:28:16.282 [INF] LogActionFilter.OnActionExecuting
2024-01-13 11:28:16.928 [WRN] The 'bool' property 'IsActive' on entity type 'Account' is configured with a database-generated default. This default will always be used for inserts when the property has the value 'false', since this is the CLR default for the 'bool' type. Consider using the nullable 'bool?' type instead, so that the default will only be used for inserts when the property value is 'null'.
2024-01-13 11:28:16.929 [WRN] The 'bool' property 'IsActive' on entity type 'AccountTransaction' is configured with a database-generated default. This default will always be used for inserts when the property has the value 'false', since this is the CLR default for the 'bool' type. Consider using the nullable 'bool?' type instead, so that the default will only be used for inserts when the property value is 'null'.
2024-01-13 11:28:16.929 [WRN] The 'bool' property 'IsActive' on entity type 'Address' is configured with a database-generated default. This default will always be used for inserts when the property has the value 'false', since this is the CLR default for the 'bool' type. Consider using the nullable 'bool?' type instead, so that the default will only be used for inserts when the property value is 'null'.
2024-01-13 11:28:16.929 [WRN] The 'bool' property 'IsActive' on entity type 'ApplicationUser' is configured with a database-generated default. This default will always be used for inserts when the property has the value 'false', since this is the CLR default for the 'bool' type. Consider using the nullable 'bool?' type instead, so that the default will only be used for inserts when the property value is 'null'.
2024-01-13 11:28:16.929 [WRN] The 'bool' property 'IsActive' on entity type 'Contact' is configured with a database-generated default. This default will always be used for inserts when the property has the value 'false', since this is the CLR default for the 'bool' type. Consider using the nullable 'bool?' type instead, so that the default will only be used for inserts when the property value is 'null'.
2024-01-13 11:28:16.929 [WRN] The 'bool' property 'IsActive' on entity type 'Customer' is configured with a database-generated default. This default will always be used for inserts when the property has the value 'false', since this is the CLR default for the 'bool' type. Consider using the nullable 'bool?' type instead, so that the default will only be used for inserts when the property value is 'null'.
2024-01-13 11:28:16.929 [WRN] The 'bool' property 'IsActive' on entity type 'EftTransaction' is configured with a database-generated default. This default will always be used for inserts when the property has the value 'false', since this is the CLR default for the 'bool' type. Consider using the nullable 'bool?' type instead, so that the default will only be used for inserts when the property value is 'null'.
2024-01-13 11:28:17.881 [INF] LogActionFilter.OnActionExecuted
2024-01-13 11:28:17.906 [INF] LogResourceFilter.OnResourceExecuted
2024-01-13 11:28:17.907 [INF] LogResourceFilter.OnResourceExecuted
2024-01-13 12:07:25.937 [INF] App server is starting.
2024-01-13 12:07:46.659 [WRN] Failed to determine the https port for redirect.
2024-01-13 12:07:46.742 [INF] LogAuthorizationFilter.OnAuthorization
2024-01-13 12:07:46.742 [INF] LogResourceFilter.OnResourceExecuting
2024-01-13 12:07:46.742 [INF] LogResourceFilter.OnResourceExecuting
2024-01-13 12:07:46.789 [INF] LogActionFilter.OnActionExecuting
2024-01-13 12:07:47.416 [WRN] The 'bool' property 'IsActive' on entity type 'Account' is configured with a database-generated default. This default will always be used for inserts when the property has the value 'false', since this is the CLR default for the 'bool' type. Consider using the nullable 'bool?' type instead, so that the default will only be used for inserts when the property value is 'null'.
2024-01-13 12:07:47.418 [WRN] The 'bool' property 'IsActive' on entity type 'AccountTransaction' is configured with a database-generated default. This default will always be used for inserts when the property has the value 'false', since this is the CLR default for the 'bool' type. Consider using the nullable 'bool?' type instead, so that the default will only be used for inserts when the property value is 'null'.
2024-01-13 12:07:47.418 [WRN] The 'bool' property 'IsActive' on entity type 'Address' is configured with a database-generated default. This default will always be used for inserts when the property has the value 'false', since this is the CLR default for the 'bool' type. Consider using the nullable 'bool?' type instead, so that the default will only be used for inserts when the property value is 'null'.
2024-01-13 12:07:47.418 [WRN] The 'bool' property 'IsActive' on entity type 'ApplicationUser' is configured with a database-generated default. This default will always be used for inserts when the property has the value 'false', since this is the CLR default for the 'bool' type. Consider using the nullable 'bool?' type instead, so that the default will only be used for inserts when the property value is 'null'.
2024-01-13 12:07:47.418 [WRN] The 'bool' property 'IsActive' on entity type 'Contact' is configured with a database-generated default. This default will always be used for inserts when the property has the value 'false', since this is the CLR default for the 'bool' type. Consider using the nullable 'bool?' type instead, so that the default will only be used for inserts when the property value is 'null'.
2024-01-13 12:07:47.418 [WRN] The 'bool' property 'IsActive' on entity type 'Customer' is configured with a database-generated default. This default will always be used for inserts when the property has the value 'false', since this is the CLR default for the 'bool' type. Consider using the nullable 'bool?' type instead, so that the default will only be used for inserts when the property value is 'null'.
2024-01-13 12:07:47.418 [WRN] The 'bool' property 'IsActive' on entity type 'EftTransaction' is configured with a database-generated default. This default will always be used for inserts when the property has the value 'false', since this is the CLR default for the 'bool' type. Consider using the nullable 'bool?' type instead, so that the default will only be used for inserts when the property value is 'null'.
2024-01-13 12:07:48.449 [INF] LogActionFilter.OnActionExecuted
2024-01-13 12:07:48.474 [INF] LogResourceFilter.OnResourceExecuted
2024-01-13 12:07:48.475 [INF] LogResourceFilter.OnResourceExecuted
2024-01-13 12:36:10.126 [INF] App server is starting.
2024-01-13 12:37:20.724 [WRN] Failed to determine the https port for redirect.
2024-01-13 12:37:34.691 [WRN] The 'bool' property 'IsActive' on entity type 'Account' is configured with a database-generated default. This default will always be used for inserts when the property has the value 'false', since this is the CLR default for the 'bool' type. Consider using the nullable 'bool?' type instead, so that the default will only be used for inserts when the property value is 'null'.
2024-01-13 12:37:34.693 [WRN] The 'bool' property 'IsActive' on entity type 'AccountTransaction' is configured with a database-generated default. This default will always be used for inserts when the property has the value 'false', since this is the CLR default for the 'bool' type. Consider using the nullable 'bool?' type instead, so that the default will only be used for inserts when the property value is 'null'.
2024-01-13 12:37:34.693 [WRN] The 'bool' property 'IsActive' on entity type 'Address' is configured with a database-generated default. This default will always be used for inserts when the property has the value 'false', since this is the CLR default for the 'bool' type. Consider using the nullable 'bool?' type instead, so that the default will only be used for inserts when the property value is 'null'.
2024-01-13 12:37:34.693 [WRN] The 'bool' property 'IsActive' on entity type 'ApplicationUser' is configured with a database-generated default. This default will always be used for inserts when the property has the value 'false', since this is the CLR default for the 'bool' type. Consider using the nullable 'bool?' type instead, so that the default will only be used for inserts when the property value is 'null'.
2024-01-13 12:37:34.693 [WRN] The 'bool' property 'IsActive' on entity type 'Contact' is configured with a database-generated default. This default will always be used for inserts when the property has the value 'false', since this is the CLR default for the 'bool' type. Consider using the nullable 'bool?' type instead, so that the default will only be used for inserts when the property value is 'null'.
2024-01-13 12:37:34.693 [WRN] The 'bool' property 'IsActive' on entity type 'Customer' is configured with a database-generated default. This default will always be used for inserts when the property has the value 'false', since this is the CLR default for the 'bool' type. Consider using the nullable 'bool?' type instead, so that the default will only be used for inserts when the property value is 'null'.
2024-01-13 12:37:34.693 [WRN] The 'bool' property 'IsActive' on entity type 'EftTransaction' is configured with a database-generated default. This default will always be used for inserts when the property has the value 'false', since this is the CLR default for the 'bool' type. Consider using the nullable 'bool?' type instead, so that the default will only be used for inserts when the property value is 'null'.
2024-01-13 13:00:15.051 [INF] App server is starting.
2024-01-13 13:00:55.200 [WRN] Failed to determine the https port for redirect.
2024-01-13 13:01:13.068 [WRN] The 'bool' property 'IsActive' on entity type 'Account' is configured with a database-generated default. This default will always be used for inserts when the property has the value 'false', since this is the CLR default for the 'bool' type. Consider using the nullable 'bool?' type instead, so that the default will only be used for inserts when the property value is 'null'.
2024-01-13 13:01:13.070 [WRN] The 'bool' property 'IsActive' on entity type 'AccountTransaction' is configured with a database-generated default. This default will always be used for inserts when the property has the value 'false', since this is the CLR default for the 'bool' type. Consider using the nullable 'bool?' type instead, so that the default will only be used for inserts when the property value is 'null'.
2024-01-13 13:01:13.070 [WRN] The 'bool' property 'IsActive' on entity type 'Address' is configured with a database-generated default. This default will always be used for inserts when the property has the value 'false', since this is the CLR default for the 'bool' type. Consider using the nullable 'bool?' type instead, so that the default will only be used for inserts when the property value is 'null'.
2024-01-13 13:01:13.070 [WRN] The 'bool' property 'IsActive' on entity type 'ApplicationUser' is configured with a database-generated default. This default will always be used for inserts when the property has the value 'false', since this is the CLR default for the 'bool' type. Consider using the nullable 'bool?' type instead, so that the default will only be used for inserts when the property value is 'null'.
2024-01-13 13:01:13.070 [WRN] The 'bool' property 'IsActive' on entity type 'Contact' is configured with a database-generated default. This default will always be used for inserts when the property has the value 'false', since this is the CLR default for the 'bool' type. Consider using the nullable 'bool?' type instead, so that the default will only be used for inserts when the property value is 'null'.
2024-01-13 13:01:13.070 [WRN] The 'bool' property 'IsActive' on entity type 'Customer' is configured with a database-generated default. This default will always be used for inserts when the property has the value 'false', since this is the CLR default for the 'bool' type. Consider using the nullable 'bool?' type instead, so that the default will only be used for inserts when the property value is 'null'.
2024-01-13 13:01:13.070 [WRN] The 'bool' property 'IsActive' on entity type 'EftTransaction' is configured with a database-generated default. This default will always be used for inserts when the property has the value 'false', since this is the CLR default for the 'bool' type. Consider using the nullable 'bool?' type instead, so that the default will only be used for inserts when the property value is 'null'.
2024-01-13 13:03:03.902 [INF] App server is starting.
2024-01-13 13:03:11.730 [WRN] Failed to determine the https port for redirect.
2024-01-13 13:03:21.807 [WRN] The 'bool' property 'IsActive' on entity type 'Account' is configured with a database-generated default. This default will always be used for inserts when the property has the value 'false', since this is the CLR default for the 'bool' type. Consider using the nullable 'bool?' type instead, so that the default will only be used for inserts when the property value is 'null'.
2024-01-13 13:03:21.808 [WRN] The 'bool' property 'IsActive' on entity type 'AccountTransaction' is configured with a database-generated default. This default will always be used for inserts when the property has the value 'false', since this is the CLR default for the 'bool' type. Consider using the nullable 'bool?' type instead, so that the default will only be used for inserts when the property value is 'null'.
2024-01-13 13:03:21.808 [WRN] The 'bool' property 'IsActive' on entity type 'Address' is configured with a database-generated default. This default will always be used for inserts when the property has the value 'false', since this is the CLR default for the 'bool' type. Consider using the nullable 'bool?' type instead, so that the default will only be used for inserts when the property value is 'null'.
2024-01-13 13:03:21.808 [WRN] The 'bool' property 'IsActive' on entity type 'ApplicationUser' is configured with a database-generated default. This default will always be used for inserts when the property has the value 'false', since this is the CLR default for the 'bool' type. Consider using the nullable 'bool?' type instead, so that the default will only be used for inserts when the property value is 'null'.
2024-01-13 13:03:21.808 [WRN] The 'bool' property 'IsActive' on entity type 'Contact' is configured with a database-generated default. This default will always be used for inserts when the property has the value 'false', since this is the CLR default for the 'bool' type. Consider using the nullable 'bool?' type instead, so that the default will only be used for inserts when the property value is 'null'.
2024-01-13 13:03:21.808 [WRN] The 'bool' property 'IsActive' on entity type 'Customer' is configured with a database-generated default. This default will always be used for inserts when the property has the value 'false', since this is the CLR default for the 'bool' type. Consider using the nullable 'bool?' type instead, so that the default will only be used for inserts when the property value is 'null'.
2024-01-13 13:03:21.808 [WRN] The 'bool' property 'IsActive' on entity type 'EftTransaction' is configured with a database-generated default. This default will always be used for inserts when the property has the value 'false', since this is the CLR default for the 'bool' type. Consider using the nullable 'bool?' type instead, so that the default will only be used for inserts when the property value is 'null'.
2024-01-13 13:04:35.346 [INF] App server is starting.
2024-01-13 13:04:42.847 [WRN] Failed to determine the https port for redirect.
2024-01-13 13:04:57.605 [INF] App server is starting.
2024-01-13 13:05:03.797 [WRN] Failed to determine the https port for redirect.
2024-01-13 13:06:23.878 [ERR] UnexpectedError
StackExchange.Redis.RedisConnectionException: No connection is active/available to service this operation: HMGET Redis638407421160828830; SocketClosed (ReadEndOfStream, last-recv: 0) on localhost:6379/Subscription, Idle/MarkProcessed, last: SUBSCRIBE, origin: ReadFromPipe, outstanding: 0, last-read: 0s ago, last-write: 42s ago, keep-alive: 60s, state: ConnectedEstablished, mgr: 8 of 10 available, in: 0, in-pipe: 0, out-pipe: 0, last-heartbeat: 0s ago, last-mbeat: 0s ago, global: 0s ago, v: 2.2.4.27433, mc: 1/1/0, mgr: 10 of 10 available, clientName: recepmac, IOCP: (Busy=0,Free=1000,Min=1,Max=1000), WORKER: (Busy=1,Free=32766,Min=8,Max=32767), v: 2.2.4.27433
 ---> StackExchange.Redis.RedisConnectionException: SocketClosed (ReadEndOfStream, last-recv: 0) on localhost:6379/Subscription, Idle/MarkProcessed, last: SUBSCRIBE, origin: ReadFromPipe, outstanding: 0, last-read: 0s ago, last-write: 42s ago, keep-alive: 60s, state: ConnectedEstablished, mgr: 8 of 10 available, in: 0, in-pipe: 0, out-pipe: 0, last-heartbeat: 0s ago, last-mbeat: 0s ago, global: 0s ago, v: 2.2.4.27433
   --- End of inner exception stack trace ---
   at StackExchange.Redis.ConnectionMultiplexer.ThrowFailed[T](TaskCompletionSource`1 source, Exception unthrownException) in /_/src/StackExchange.Redis/ConnectionMultiplexer.cs:line 2760
--- End of stack trace from previous location ---
   at Microsoft.Extensions.Caching.StackExchangeRedis.RedisExtensions.HashMemberGetAsync(IDatabase cache, String key, String[] members)
   at Microsoft.Extensions.Caching.StackExchangeRedis.RedisCache.GetAndRefreshAsync(String key, Boolean getData, CancellationToken token)
   at Microsoft.Extensions.Caching.StackExchangeRedis.RedisCache.GetAsync(String key, CancellationToken token)
   at VbApi.Controllers.TransfersController.ByReferenceNumberRedis(String ReferenceNumber) in /Users/recep/Pk/pk-ab/VbApi/Vb.Api/Controllers/TransfersController.cs:line 79
   at lambda_method5(Closure, Object)
   at Microsoft.AspNetCore.Mvc.Infrastructure.ActionMethodExecutor.AwaitableObjectResultExecutor.Execute(ActionContext actionContext, IActionResultTypeMapper mapper, ObjectMethodExecutor executor, Object controller, Object[] arguments)
   at Microsoft.AspNetCore.Mvc.Infrastructure.ControllerActionInvoker.<InvokeActionMethodAsync>g__Logged|12_1(ControllerActionInvoker invoker)
   at Microsoft.AspNetCore.Mvc.Infrastructure.ControllerActionInvoker.<InvokeNextActionFilterAsync>g__Awaited|10_0(ControllerActionInvoker invoker, Task lastTask, State next, Scope scope, Object state, Boolean isCompleted)
   at Microsoft.AspNetCore.Mvc.Infrastructure.ControllerActionInvoker.Rethrow(ActionExecutedContextSealed context)
   at Microsoft.AspNetCore.Mvc.Infrastructure.ControllerActionInvoker.Next(State& next, Scope& scope, Object& state, Boolean& isCompleted)
   at Microsoft.AspNetCore.Mvc.Infrastructure.ControllerActionInvoker.InvokeInnerFilterAsync()
--- End of stack trace from previous location ---
   at Microsoft.AspNetCore.Mvc.Infrastructure.ResourceInvoker.<InvokeFilterPipelineAsync>g__Awaited|20_0(ResourceInvoker invoker, Task lastTask, State next, Scope scope, Object state, Boolean isCompleted)
   at Microsoft.AspNetCore.Mvc.Infrastructure.ResourceInvoker.<InvokeAsync>g__Logged|17_1(ResourceInvoker invoker)
   at Microsoft.AspNetCore.Mvc.Infrastructure.ResourceInvoker.<InvokeAsync>g__Logged|17_1(ResourceInvoker invoker)
   at Microsoft.AspNetCore.Routing.EndpointMiddleware.<Invoke>g__AwaitRequestTask|6_0(Endpoint endpoint, Task requestTask, ILogger logger)
   at Microsoft.AspNetCore.Authorization.AuthorizationMiddleware.Invoke(HttpContext context)
   at Microsoft.AspNetCore.Authentication.AuthenticationMiddleware.Invoke(HttpContext context)
   at Microsoft.AspNetCore.ResponseCaching.ResponseCachingMiddleware.Invoke(HttpContext httpContext)
   at VbApi.Middleware.ErrorHandlerMiddleware.Invoke(HttpContext context) in /Users/recep/Pk/pk-ab/VbApi/Vb.Api/Middleware/ErrorHandlerMiddleware.cs:line 22
2024-01-13 13:06:23.966 [FTL] Path=/api/Transfers/ByReferenceNumberRedis/638407421160828830 || Method=GET || Exception=No connection is active/available to service this operation: HMGET Redis638407421160828830; SocketClosed (ReadEndOfStream, last-recv: 0) on localhost:6379/Subscription, Idle/MarkProcessed, last: SUBSCRIBE, origin: ReadFromPipe, outstanding: 0, last-read: 0s ago, last-write: 42s ago, keep-alive: 60s, state: ConnectedEstablished, mgr: 8 of 10 available, in: 0, in-pipe: 0, out-pipe: 0, last-heartbeat: 0s ago, last-mbeat: 0s ago, global: 0s ago, v: 2.2.4.27433, mc: 1/1/0, mgr: 10 of 10 available, clientName: recepmac, IOCP: (Busy=0,Free=1000,Min=1,Max=1000), WORKER: (Busy=1,Free=32766,Min=8,Max=32767), v: 2.2.4.27433
2024-01-13 13:07:07.415 [WRN] The 'bool' property 'IsActive' on entity type 'Account' is configured with a database-generated default. This default will always be used for inserts when the property has the value 'false', since this is the CLR default for the 'bool' type. Consider using the nullable 'bool?' type instead, so that the default will only be used for inserts when the property value is 'null'.
2024-01-13 13:07:07.417 [WRN] The 'bool' property 'IsActive' on entity type 'AccountTransaction' is configured with a database-generated default. This default will always be used for inserts when the property has the value 'false', since this is the CLR default for the 'bool' type. Consider using the nullable 'bool?' type instead, so that the default will only be used for inserts when the property value is 'null'.
2024-01-13 13:07:07.417 [WRN] The 'bool' property 'IsActive' on entity type 'Address' is configured with a database-generated default. This default will always be used for inserts when the property has the value 'false', since this is the CLR default for the 'bool' type. Consider using the nullable 'bool?' type instead, so that the default will only be used for inserts when the property value is 'null'.
2024-01-13 13:07:07.417 [WRN] The 'bool' property 'IsActive' on entity type 'ApplicationUser' is configured with a database-generated default. This default will always be used for inserts when the property has the value 'false', since this is the CLR default for the 'bool' type. Consider using the nullable 'bool?' type instead, so that the default will only be used for inserts when the property value is 'null'.
2024-01-13 13:07:07.417 [WRN] The 'bool' property 'IsActive' on entity type 'Contact' is configured with a database-generated default. This default will always be used for inserts when the property has the value 'false', since this is the CLR default for the 'bool' type. Consider using the nullable 'bool?' type instead, so that the default will only be used for inserts when the property value is 'null'.
2024-01-13 13:07:07.417 [WRN] The 'bool' property 'IsActive' on entity type 'Customer' is configured with a database-generated default. This default will always be used for inserts when the property has the value 'false', since this is the CLR default for the 'bool' type. Consider using the nullable 'bool?' type instead, so that the default will only be used for inserts when the property value is 'null'.
2024-01-13 13:07:07.417 [WRN] The 'bool' property 'IsActive' on entity type 'EftTransaction' is configured with a database-generated default. This default will always be used for inserts when the property has the value 'false', since this is the CLR default for the 'bool' type. Consider using the nullable 'bool?' type instead, so that the default will only be used for inserts when the property value is 'null'.
2024-01-13 13:07:30.265 [INF] App server is starting.
2024-01-13 13:07:33.873 [WRN] Failed to determine the https port for redirect.
